Arguments: 
  C:\Program Files\nodejs\node.exe C:\Program Files (x86)\Yarn\bin\yarn.js install

PATH: 
  C:\Program Files\Microsoft\jdk-11.0.16.101-hotspot\bin;C:\Windows\system32;C:\Windows;C:\Windows\System32\Wbem;C:\Windows\System32\WindowsPowerShell\v1.0\;C:\Windows\System32\OpenSSH\;C:\Program Files\Microsoft SQL Server\150\Tools\Binn\;C:\Program Files\Microsoft SQL Server\Client SDK\ODBC\170\Tools\Binn\;C:\Program Files\dotnet\;C:\Program Files (x86)\Windows Kits\10\Windows Performance Toolkit\;C:\Program Files\Git\cmd;C:\Program Files\Git\mingw64\bin;C:\Program Files\Git\bin;C:\Program Files\nodejs;C:\Program Files\Git\bin\git.exe;C:\src\flutter;C:\sqlite;C:\Program Files (x86)\Yarn\bin\;C:\Users\umang\AppData\Local\Programs\Python\Python312\Scripts\;C:\Users\umang\AppData\Local\Programs\Python\Python312\;C:\Users\umang\AppData\Local\Programs\Python\Launcher\;C:\Users\umang\AppData\Local\Microsoft\WindowsApps;C:\Users\umang\AppData\Local\Programs\Microsoft VS Code\bin;D:\Software\flutter\bin;C:\Program Files\Android\Android Studio\bin;C:\Users\umang\.dotnet\tools;C:\Users\umang\AppData\Roaming\npm;C:\msys64\ucrt64\bin;C:\Dev-Cpp\bin;C:\Users\umang\AppData\Local\gitkraken\bin;C:\Users\umang\AppData\Local\Yarn\bin

Yarn version: 
  1.22.19

Node version: 
  21.0.0

Platform: 
  win32 x64

Trace: 
  Error: EPERM: operation not permitted, copyfile 'C:\Users\umang\AppData\Local\Yarn\Cache\v6\npm-@mui-icons-material-5.15.16-2fedd7b2bec967a8ac4bcbcf41da769b7508237b-integrity\node_modules\@mui\icons-material\esm\PinSharp.js' -> 'D:\clone\ReactJS-ReduxToolkit-Shopping-cart\node_modules\@mui\icons-material\esm\PinSharp.js'

npm manifest: 
  {
    "name": "ReactJS-TailwindCSS-StarterFiles",
    "version": "1.0.0",
    "main": "index.js",
    "repository": {
      "type": "git",
      "url": "git@github.com:Umang9959/ShoppingCart.git"
    },
    "author": "Umang <umangmathur2001@gmail.com>",
    "license": "MIT",
    "dependencies": {
      "@emotion/react": "^11.9.0",
      "@emotion/styled": "^11.8.1",
      "@mui/icons-material": "^5.8.0",
      "@mui/material": "^5.8.0",
      "@mui/styles": "^5.8.0",
      "@reduxjs/toolkit": "^1.8.1",
      "autoprefixer": "^10.4.7",
      "notistack": "^2.0.5",
      "postcss": "^8.4.13",
      "react": "^17.0.0",
      "react-dom": "^17.0.0",
      "react-redux": "^7.2.6",
      "react-router-dom": "^6.3.0",
      "react-scripts": "^5.0.1",
      "tailwindcss": "^3.0.24",
      "yarn": "^1.22.22"
    },
    "scripts": {
      "start": "react-scripts start"
    },
    "browserslist": {
      "production": [
        ">0.2%",
        "not dead",
        "not op_mini all"
      ],
      "development": [
        "last 1 chrome version",
        "last 1 firefox version",
        "last 1 safari version"
      ]
    }
  }

yarn manifest: 
  No manifest

Lockfile: 
  No lockfile
